.//64bit.js
.//8271.png
.//c.html
.//cheerpOS.js
.//cheerpj/lib/accessibility.properties
.//cheerpj/lib/currency.data
.//cheerpj/lib/currency.properties
.//cheerpj/lib/ext/localedata.jar
.//cheerpj/lib/security/java.security
.//cheerpj/lib/security/local_policy.jar
.//cheerpj/lib/security/policy/unlimited/US_export_policy.jar
.//cheerpj/lib/security/policy/unlimited/local_policy.jar
.//cheerpj/lib/tzdb.dat
.//cheerpj.css
.//cheerpj.js
.//favicon.ico
.//index.html
.//jni.js
.//jni.wasm
.//loader.js
.//logo.png
.//meta-index
.//meta-index.c0.txt
.//rt.jar
.//rt.jar.c0.txt
.//rt.jar.c1.txt
.//rt.jar.c14.txt
.//rt.jar.c15.txt
.//rt.jar.c16.txt
.//rt.jar.c17.txt
.//rt.jar.c18.txt
.//rt.jar.c19.txt
.//rt.jar.c2.txt
.//rt.jar.c20.txt
.//rt.jar.c21.txt
.//rt.jar.c22.txt
.//rt.jar.c23.txt
.//rt.jar.c24.txt
.//rt.jar.c25.txt
.//rt.jar.c26.txt
.//rt.jar.c3.txt
.//rt.jar.c4.txt
.//rt.jar.c5.txt
.//rt.jar.c59.txt
.//rt.jar.c6.txt
.//rt.jar.c60.txt
.//rt.jar.c61.txt
.//rt.jar.c62.txt
.//rt.jar.c73.txt
.//rt.jar.c74.txt
.//rt.jar.c75.txt
.//rt.jar.c81.txt
.//rt.jar.c82.txt
.//rt.jar.c83.txt
.//rt.jar.c84.txt
.//rt.jar.c85.txt
.//rt.jar.c86.txt
.//rt.jar.c87.txt
.//rt.jar.c88.txt
.//rt.jar.c89.txt
.//rt.jar.c90.txt
.//rt.jar.c91.txt
.//rt.jar.c92.txt
.//rt.jar.c93.txt
.//rt.jar.c94.txt
.//rt.jar.c95.txt
.//rt.jar.c96.txt
.//rt.jar.c97.txt
.//rt.jar.c98.txt
.//rt.jar.java.awt.font.js
.//runtime/rt.jar.com.js
.//runtime/rt.jar.com.sun.crypto.provider.js
.//runtime/rt.jar.com.sun.js
.//runtime/rt.jar.com.sun.org.apache.xerces.internal.dom.js
.//runtime/rt.jar.com.sun.org.apache.xerces.internal.impl.dtd.js
.//runtime/rt.jar.com.sun.org.apache.xerces.internal.impl.dv.js
.//runtime/rt.jar.com.sun.org.apache.xerces.internal.impl.js
.//runtime/rt.jar.com.sun.org.apache.xerces.internal.jaxp.js
.//runtime/rt.jar.com.sun.org.apache.xerces.internal.parsers.js
.//runtime/rt.jar.com.sun.org.apache.xerces.internal.util.js
.//runtime/rt.jar.com.sun.org.apache.xerces.js
.//runtime/rt.jar.com.sun.xml.internal.stream.js
.//runtime/rt.jar.java.io.js
.//runtime/rt.jar.java.js
.//runtime/rt.jar.java.lang.invoke.js
.//runtime/rt.jar.java.lang.js
.//runtime/rt.jar.java.net.js
.//runtime/rt.jar.java.nio.file.js
.//runtime/rt.jar.java.nio.js
.//runtime/rt.jar.java.security.js
.//runtime/rt.jar.java.text.js
.//runtime/rt.jar.java.util.concurrent.atomic.js
.//runtime/rt.jar.java.util.concurrent.js
.//runtime/rt.jar.java.util.concurrent.locks.js
.//runtime/rt.jar.java.util.function.js
.//runtime/rt.jar.java.util.jar.js
.//runtime/rt.jar.java.util.js
.//runtime/rt.jar.java.util.regex.js
.//runtime/rt.jar.java.util.spi.js
.//runtime/rt.jar.java.util.zip.js
.//runtime/rt.jar.javax.crypto.js
.//runtime/rt.jar.javax.security.js
.//runtime/rt.jar.javax.xml.js
.//runtime/rt.jar.jdk.internal.org.js
.//runtime/rt.jar.jdk.js
.//runtime/rt.jar.js
.//runtime/rt.jar.org.js
.//runtime/rt.jar.sun.awt.geom.js
.//runtime/rt.jar.sun.awt.im.js
.//runtime/rt.jar.sun.awt.resources.js
.//runtime/rt.jar.sun.awt.util.js
.//runtime/rt.jar.sun.js
.//runtime/rt.jar.sun.misc.js
.//runtime/rt.jar.sun.net.js
.//runtime/rt.jar.sun.net.www.js
.//runtime/rt.jar.sun.nio.cs.js
.//runtime/rt.jar.sun.nio.js
.//runtime/rt.jar.sun.reflect.js
.//runtime/rt.jar.sun.security.js
.//runtime/rt.jar.sun.security.provider.js
.//runtime/rt.jar.sun.security.ssl.js
.//runtime/rt.jar.sun.security.util.js
.//runtime/rt.jar.sun.text.js
.//runtime/rt.jar.sun.util.js
.//runtime/rt.jar.sun.util.locale.js
.//sss.out
.//stellarTask.jar
.//stellarTask.jar.js
.//sun/security/ec/CurveDB.class
.//sun/security/ec/ECDHKeyAgreement.class
.//sun/security/ec/ECDSASignature$Raw.class
.//sun/security/ec/ECDSASignature$SHA1.class
.//sun/security/ec/ECDSASignature$SHA224.class
.//sun/security/ec/ECDSASignature$SHA256.class
.//sun/security/ec/ECDSASignature$SHA384.class
.//sun/security/ec/ECDSASignature$SHA512.class
.//sun/security/ec/ECDSASignature.class
.//sun/security/ec/ECKeyFactory.class
.//sun/security/ec/ECKeyPairGenerator.class
.//sun/security/ec/ECParameters.class
.//sun/security/ec/ECPrivateKeyImpl.class
.//sun/security/ec/ECPublicKeyImpl.class
.//sun/security/ec/NamedCurve.class
.//sun/security/ec/SunEC$1.class
.//sun/security/ec/SunEC.class
.//sun/security/ec/SunECEntries.class
.//traveDir.sh
